#
# There is insufficient memory for the Java Runtime Environment to continue.
# Native memory allocation (malloc) failed to allocate 97168 bytes for Chunk::new
# Possible reasons:
#   The system is out of physical RAM or swap space
#   The process is running with CompressedOops enabled, and the Java Heap may be blocking the growth of the native heap
# Possible solutions:
#   Reduce memory load on the system
#   Increase physical memory or swap space
#   Check if swap backing store is full
#   Decrease Java heap size (-Xmx/-Xms)
#   Decrease number of Java threads
#   Decrease Java thread stack sizes (-Xss)
#   Set larger code cache with -XX:ReservedCodeCacheSize=
#   JVM is running with Unscaled Compressed Oops mode in which the Java heap is
#     placed in the first 4GB address space. The Java Heap base address is the
#     maximum limit for the native heap growth. Please use -XX:HeapBaseMinAddress
#     to set the Java Heap base and to place the Java Heap above 4GB virtual address.
# This output file may be truncated or incomplete.
#
#  Out of Memory Error (arena.cpp:168), pid=3396, tid=23076
#
# JRE version: Java(TM) SE Runtime Environment (21.0.3+7) (build 21.0.3+7-LTS-152)
# Java VM: Java HotSpot(TM) 64-Bit Server VM (21.0.3+7-LTS-152, mixed mode, sharing, tiered, compressed oops, compressed class ptrs, g1 gc, windows-amd64)
# No core dump will be written. Minidumps are not enabled by default on client versions of Windows
#

---------------  S U M M A R Y ------------

Command Line: -javaagent:C:\Program Files\JetBrains\IntelliJ IDEA Community Edition 2023.2.1\lib\idea_rt.jar=50236:C:\Program Files\JetBrains\IntelliJ IDEA Community Edition 2023.2.1\bin -Dfile.encoding=UTF-8 -Dsun.stdout.encoding=UTF-8 -Dsun.stderr.encoding=UTF-8 --module-path=C:\Users\nvhoa\.m2\repository\org\openjfx\javafx-base\21-ea+24\javafx-base-21-ea+24-win.jar;C:\Users\nvhoa\.m2\repository\org\kordamp\bootstrapfx\bootstrapfx-core\0.4.0\bootstrapfx-core-0.4.0.jar;D:\LTJava\64139028_JavaPrograming\HocSinh\target\classes;C:\Users\nvhoa\.m2\repository\org\openjfx\javafx-controls\21-ea+24\javafx-controls-21-ea+24-win.jar;C:\Users\nvhoa\.m2\repository\org\openjfx\javafx-fxml\21-ea+24\javafx-fxml-21-ea+24-win.jar;C:\Users\nvhoa\.m2\repository\org\openjfx\javafx-graphics\21-ea+24\javafx-graphics-21-ea+24-win.jar -Djdk.module.main=com.example.hocsinh com.example.hocsinh/com.example.hocsinh.HelloApplication

Host: 11th Gen Intel(R) Core(TM) i5-11400H @ 2.70GHz, 12 cores, 7G,  Windows 11 , 64 bit Build 22621 (10.0.22621.4391)
Time: Tue Oct 29 14:45:23 2024 SE Asia Standard Time elapsed time: 0.155000 seconds (0d 0h 0m 0s)

---------------  T H R E A D  ---------------

Current thread (0x000001b835eea3d0):  JavaThread "C2 CompilerThread2" daemon [_thread_in_native, id=23076, stack(0x0000003a92f00000,0x0000003a93000000) (1024K)]


Current CompileTask:
C2:    155  282       4       java.lang.StringLatin1::newString (24 bytes)

Stack: [0x0000003a92f00000,0x0000003a93000000]
Native frames: (J=compiled Java code, j=interpreted, Vv=VM code, C=native code)
V  [jvm.dll+0x6c63b9]
V  [jvm.dll+0x84fa11]
V  [jvm.dll+0x851f3e]
V  [jvm.dll+0x852613]
V  [jvm.dll+0x27cd46]
V  [jvm.dll+0xc4aad]
V  [jvm.dll+0xc4fe3]
V  [jvm.dll+0x3b1d5c]
V  [jvm.dll+0x37e485]
V  [jvm.dll+0x37d8fa]
V  [jvm.dll+0x245b40]
V  [jvm.dll+0x24511f]
V  [jvm.dll+0x1c689e]
V  [jvm.dll+0x254609]
V  [jvm.dll+0x252b9a]
V  [jvm.dll+0x3eb056]
V  [jvm.dll+0x7f9ffb]
V  [jvm.dll+0x6c4a9d]
C  [ucrtbase.dll+0x29333]
C  [KERNEL32.DLL+0x1259d]
C  [ntdll.dll+0x5af38]


---------------  P R O C E S S  ---------------

Threads class SMR info:
_java_thread_list=0x000001b87b34e430, length=12, elements={
0x000001b8191fa0b0, 0x000001b835ec9a80, 0x000001b835eca7a0, 0x000001b835eccee0,
0x000001b835ecda30, 0x000001b835ecf590, 0x000001b835ed0210, 0x000001b835ee4540,
0x000001b835eeb840, 0x000001b87b1d3b60, 0x000001b835ee81c0, 0x000001b835eea3d0
}

Java Threads: ( => current thread )
  0x000001b8191fa0b0 JavaThread "main"                              [_thread_in_Java, id=21184, stack(0x0000003a91d00000,0x0000003a91e00000) (1024K)]
  0x000001b835ec9a80 JavaThread "Reference Handler"          daemon [_thread_blocked, id=14008, stack(0x0000003a92500000,0x0000003a92600000) (1024K)]
  0x000001b835eca7a0 JavaThread "Finalizer"                  daemon [_thread_blocked, id=3356, stack(0x0000003a92600000,0x0000003a92700000) (1024K)]
  0x000001b835eccee0 JavaThread "Signal Dispatcher"          daemon [_thread_blocked, id=6244, stack(0x0000003a92700000,0x0000003a92800000) (1024K)]
  0x000001b835ecda30 JavaThread "Attach Listener"            daemon [_thread_blocked, id=24108, stack(0x0000003a92800000,0x0000003a92900000) (1024K)]
  0x000001b835ecf590 JavaThread "Service Thread"             daemon [_thread_blocked, id=24112, stack(0x0000003a92900000,0x0000003a92a00000) (1024K)]
  0x000001b835ed0210 JavaThread "Monitor Deflation Thread"   daemon [_thread_blocked, id=4388, stack(0x0000003a92a00000,0x0000003a92b00000) (1024K)]
  0x000001b835ee4540 JavaThread "C2 CompilerThread0"         daemon [_thread_in_native, id=5240, stack(0x0000003a92b00000,0x0000003a92c00000) (1024K)]
  0x000001b835eeb840 JavaThread "C1 CompilerThread0"         daemon [_thread_in_native, id=9484, stack(0x0000003a92c00000,0x0000003a92d00000) (1024K)]
  0x000001b87b1d3b60 JavaThread "Common-Cleaner"             daemon [_thread_blocked, id=5320, stack(0x0000003a92d00000,0x0000003a92e00000) (1024K)]
  0x000001b835ee81c0 JavaThread "C2 CompilerThread1"         daemon [_thread_in_native, id=19172, stack(0x0000003a92e00000,0x0000003a92f00000) (1024K)]
=>0x000001b835eea3d0 JavaThread "C2 CompilerThread2"         daemon [_thread_in_native, id=23076, stack(0x0000003a92f00000,0x0000003a93000000) (1024K)]
Total: 12

Other Threads:
  0x000001b835eaa1e0 VMThread "VM Thread"                           [id=20960, stack(0x0000003a92400000,0x0000003a92500000) (1024K)]
  0x000001b835e8fb90 WatcherThread "VM Periodic Task Thread"        [id=16548, stack(0x0000003a92300000,0x0000003a92400000) (1024K)]
  0x000001b819251370 WorkerThread "GC Thread#0"                     [id=15340, stack(0x0000003a91e00000,0x0000003a91f00000) (1024K)]
  0x000001b819261d00 ConcurrentGCThread "G1 Main Marker"            [id=9496, stack(0x0000003a91f00000,0x0000003a92000000) (1024K)]
  0x000001b819262800 WorkerThread "G1 Conc#0"                       [id=19972, stack(0x0000003a92000000,0x0000003a92100000) (1024K)]
  0x000001b835d5e540 ConcurrentGCThread "G1 Refine#0"               [id=13812, stack(0x0000003a92100000,0x0000003a92200000) (1024K)]
  0x000001b835d5efd0 ConcurrentGCThread "G1 Service"                [id=22356, stack(0x0000003a92200000,0x0000003a92300000) (1024K)]
Total: 7

Threads with active compile tasks:
C2 CompilerThread0      168  302       4       java.util.stream.ReferencePipeline$3$1::accept (23 bytes)
C1 CompilerThread0      168  314       3       java.util.HashMap::resize (356 bytes)
C2 CompilerThread1      168  303       4       java.util.HashMap::putVal (300 bytes)
C2 CompilerThread2      168  282       4       java.lang.StringLatin1::newString (24 bytes)
Total: 4

VM state: not at safepoint (normal execution)

VM Mutex/Monitor currently owned by a thread: None

Heap address: 0x0000000084000000, size: 1984 MB, Compressed Oops mode: 32-bit

CDS archive(s) mapped at: [0x000001b836000000-0x000001b836c90000-0x000001b836c90000), size 13172736, SharedBaseAddress: 0x000001b836000000, ArchiveRelocationMode: 1.
Compressed class space mapped at: 0x000001b837000000-0x000001b877000000, reserved size: 1073741824
Narrow klass base: 0x000001b836000000, Narrow klass shift: 0, Narrow klass range: 0x100000000

GC Precious Log:
 CardTable entry size: 512
 Card Set container configuration: InlinePtr #cards 5 size 8 Array Of Cards #cards 12 size 40 Howl #buckets 4 coarsen threshold 1843 Howl Bitmap #cards 512 size 80 coarsen threshold 460 Card regions per heap region 1 cards per card region 2048
 CPUs: 12 total, 12 available
 Memory: 7929M
 Large Page Support: Disabled
 NUMA Support: Disabled
 Compressed Oops: Enabled (32-bit)
 Heap Region Size: 1M
 Heap Min Capacity: 8M
 Heap Initial Capacity: 124M
 Heap Max Capacity: 1984M
 Pre-touch: Disabled
 Parallel Workers: 10
 Concurrent Workers: 3
 Concurrent Refinement Workers: 10
 Periodic GC: Disabled

Heap:
 garbage-first heap   total 126976K, used 5120K [0x0000000084000000, 0x0000000100000000)
  region size 1024K, 7 young (7168K), 0 survivors (0K)
 Metaspace       used 764K, committed 896K, reserved 1114112K
  class space    used 60K, committed 128K, reserved 1048576K

Heap Regions: E=young(eden), S=young(survivor), O=old, HS=humongous(starts), HC=humongous(continues), CS=collection set, F=free, TAMS=top-at-mark-start, PB=parsable bottom
|   0|0x0000000084000000, 0x0000000084000000, 0x0000000084100000|  0%| F|  |TAMS 0x0000000084000000| PB 0x0000000084000000| Untracked 
|   1|0x0000000084100000, 0x0000000084100000, 0x0000000084200000|  0%| F|  |TAMS 0x0000000084100000| PB 0x0000000084100000| Untracked 
|   2|0x0000000084200000, 0x0000000084200000, 0x0000000084300000|  0%| F|  |TAMS 0x0000000084200000| PB 0x0000000084200000| Untracked 
|   3|0x0000000084300000, 0x0000000084300000, 0x0000000084400000|  0%| F|  |TAMS 0x0000000084300000| PB 0x0000000084300000| Untracked 
|   4|0x0000000084400000, 0x0000000084400000, 0x0000000084500000|  0%| F|  |TAMS 0x0000000084400000| PB 0x0000000084400000| Untracked 
|   5|0x0000000084500000, 0x0000000084500000, 0x0000000084600000|  0%| F|  |TAMS 0x0000000084500000| PB 0x0000000084500000| Untracked 
|   6|0x0000000084600000, 0x0000000084600000, 0x0000000084700000|  0%| F|  |TAMS 0x0000000084600000| PB 0x0000000084600000| Untracked 
|   7|0x0000000084700000, 0x0000000084700000, 0x0000000084800000|  0%| F|  |TAMS 0x0000000084700000| PB 0x0000000084700000| Untracked 
|   8|0x0000000084800000, 0x0000000084800000, 0x0000000084900000|  0%| F|  |TAMS 0x0000000084800000| PB 0x0000000084800000| Untracked 
|   9|0x0000000084900000, 0x0000000084900000, 0x0000000084a00000|  0%| F|  |TAMS 0x0000000084900000| PB 0x0000000084900000| Untracked 
|  10|0x0000000084a00000, 0x0000000084a00000, 0x0000000084b00000|  0%| F|  |TAMS 0x0000000084a00000| PB 0x0000000084a00000| Untracked 
|  11|0x0000000084b00000, 0x0000000084b00000, 0x0000000084c00000|  0%| F|  |TAMS 0x0000000084b00000| PB 0x0000000084b00000| Untracked 
|  12|0x0000000084c00000, 0x0000000084c00000, 0x0000000084d00000|  0%| F|  |TAMS 0x0000000084c00000| PB 0x0000000084c00000| Untracked 
|  13|0x0000000084d00000, 0x0000000084d00000, 0x0000000084e00000|  0%| F|  |TAMS 0x0000000084d00000| PB 0x0000000084d00000| Untracked 
|  14|0x0000000084e00000, 0x0000000084e00000, 0x0000000084f00000|  0%| F|  |TAMS 0x0000000084e00000| PB 0x0000000084e00000| Untracked 
|  15|0x0000000084f00000, 0x0000000084f00000, 0x0000000085000000|  0%| F|  |TAMS 0x0000000084f00000| PB 0x0000000084f00000| Untracked 
|  16|0x0000000085000000, 0x0000000085000000, 0x0000000085100000|  0%| F|  |TAMS 0x0000000085000000| PB 0x0000000085000000| Untracked 
|  17|0x0000000085100000, 0x0000000085100000, 0x0000000085200000|  0%| F|  |TAMS 0x0000000085100000| PB 0x0000000085100000| Untracked 
|  18|0x0000000085200000, 0x0000000085200000, 0x0000000085300000|  0%| F|  |TAMS 0x0000000085200000| PB 0x0000000085200000| Untracked 
|  19|0x0000000085300000, 0x0000000085300000, 0x0000000085400000|  0%| F|  |TAMS 0x0000000085300000| PB 0x0000000085300000| Untracked 
|  20|0x0000000085400000, 0x0000000085400000, 0x0000000085500000|  0%| F|  |TAMS 0x0000000085400000| PB 0x0000000085400000| Untracked 
|  21|0x0000000085500000, 0x0000000085500000, 0x0000000085600000|  0%| F|  |TAMS 0x0000000085500000| PB 0x0000000085500000| Untracked 
|  22|0x0000000085600000, 0x0000000085600000, 0x0000000085700000|  0%| F|  |TAMS 0x0000000085600000| PB 0x0000000085600000| Untracked 
|  23|0x0000000085700000, 0x0000000085700000, 0x0000000085800000|  0%| F|  |TAMS 0x0000000085700000| PB 0x0000000085700000| Untracked 
|  24|0x0000000085800000, 0x0000000085800000, 0x0000000085900000|  0%| F|  |TAMS 0x0000000085800000| PB 0x0000000085800000| Untracked 
|  25|0x0000000085900000, 0x0000000085900000, 0x0000000085a00000|  0%| F|  |TAMS 0x0000000085900000| PB 0x0000000085900000| Untracked 
|  26|0x0000000085a00000, 0x0000000085a00000, 0x0000000085b00000|  0%| F|  |TAMS 0x0000000085a00000| PB 0x0000000085a00000| Untracked 
|  27|0x0000000085b00000, 0x0000000085b00000, 0x0000000085c00000|  0%| F|  |TAMS 0x0000000085b00000| PB 0x0000000085b00000| Untracked 
|  28|0x0000000085c00000, 0x0000000085c00000, 0x0000000085d00000|  0%| F|  |TAMS 0x0000000085c00000| PB 0x0000000085c00000| Untracked 
|  29|0x0000000085d00000, 0x0000000085d00000, 0x0000000085e00000|  0%| F|  |TAMS 0x0000000085d00000| PB 0x0000000085d00000| Untracked 
|  30|0x0000000085e00000, 0x0000000085e00000, 0x0000000085f00000|  0%| F|  |TAMS 0x0000000085e00000| PB 0x0000000085e00000| Untracked 
|  31|0x0000000085f00000, 0x0000000085f00000, 0x0000000086000000|  0%| F|  |TAMS 0x0000000085f00000| PB 0x0000000085f00000| Untracked 
|  32|0x0000000086000000, 0x0000000086000000, 0x0000000086100000|  0%| F|  |TAMS 0x0000000086000000| PB 0x0000000086000000| Untracked 
|  33|0x0000000086100000, 0x0000000086100000, 0x0000000086200000|  0%| F|  |TAMS 0x0000000086100000| PB 0x0000000086100000| Untracked 
|  34|0x0000000086200000, 0x0000000086200000, 0x0000000086300000|  0%| F|  |TAMS 0x0000000086200000| PB 0x0000000086200000| Untracked 
|  35|0x0000000086300000, 0x0000000086300000, 0x0000000086400000|  0%| F|  |TAMS 0x0000000086300000| PB 0x0000000086300000| Untracked 
|  36|0x0000000086400000, 0x0000000086400000, 0x0000000086500000|  0%| F|  |TAMS 0x0000000086400000| PB 0x0000000086400000| Untracked 
|  37|0x0000000086500000, 0x0000000086500000, 0x0000000086600000|  0%| F|  |TAMS 0x0000000086500000| PB 0x0000000086500000| Untracked 
|  38|0x0000000086600000, 0x0000000086600000, 0x0000000086700000|  0%| F|  |TAMS 0x0000000086600000| PB 0x0000000086600000| Untracked 
|  39|0x0000000086700000, 0x0000000086700000, 0x0000000086800000|  0%| F|  |TAMS 0x0000000086700000| PB 0x0000000086700000| Untracked 
|  40|0x0000000086800000, 0x0000000086800000, 0x0000000086900000|  0%| F|  |TAMS 0x0000000086800000| PB 0x0000000086800000| Untracked 
|  41|0x0000000086900000, 0x0000000086900000, 0x0000000086a00000|  0%| F|  |TAMS 0x0000000086900000| PB 0x0000000086900000| Untracked 
|  42|0x0000000086a00000, 0x0000000086a00000, 0x0000000086b00000|  0%| F|  |TAMS 0x0000000086a00000| PB 0x0000000086a00000| Untracked 
|  43|0x0000000086b00000, 0x0000000086b00000, 0x0000000086c00000|  0%| F|  |TAMS 0x0000000086b00000| PB 0x0000000086b00000| Untracked 
|  44|0x0000000086c00000, 0x0000000086c00000, 0x0000000086d00000|  0%| F|  |TAMS 0x0000000086c00000| PB 0x0000000086c00000| Untracked 
|  45|0x0000000086d00000, 0x0000000086d00000, 0x0000000086e00000|  0%| F|  |TAMS 0x0000000086d00000| PB 0x0000000086d00000| Untracked 
|  46|0x0000000086e00000, 0x0000000086e00000, 0x0000000086f00000|  0%| F|  |TAMS 0x0000000086e00000| PB 0x0000000086e00000| Untracked 
|  47|0x0000000086f00000, 0x0000000086f00000, 0x0000000087000000|  0%| F|  |TAMS 0x0000000086f00000| PB 0x0000000086f00000| Untracked 
|  48|0x0000000087000000, 0x0000000087000000, 0x0000000087100000|  0%| F|  |TAMS 0x0000000087000000| PB 0x0000000087000000| Untracked 
|  49|0x0000000087100000, 0x0000000087100000, 0x0000000087200000|  0%| F|  |TAMS 0x0000000087100000| PB 0x0000000087100000| Untracked 
|  50|0x0000000087200000, 0x0000000087200000, 0x0000000087300000|  0%| F|  |TAMS 0x0000000087200000| PB 0x0000000087200000| Untracked 
|  51|0x0000000087300000, 0x0000000087300000, 0x0000000087400000|  0%| F|  |TAMS 0x0000000087300000| PB 0x0000000087300000| Untracked 
|  52|0x0000000087400000, 0x0000000087400000, 0x0000000087500000|  0%| F|  |TAMS 0x0000000087400000| PB 0x0000000087400000| Untracked 
|  53|0x0000000087500000, 0x0000000087500000, 0x0000000087600000|  0%| F|  |TAMS 0x0000000087500000| PB 0x0000000087500000| Untracked 
|  54|0x0000000087600000, 0x0000000087600000, 0x0000000087700000|  0%| F|  |TAMS 0x0000000087600000| PB 0x0000000087600000| Untracked 
|  55|0x0000000087700000, 0x0000000087700000, 0x0000000087800000|  0%| F|  |TAMS 0x0000000087700000| PB 0x0000000087700000| Untracked 
|  56|0x0000000087800000, 0x0000000087800000, 0x0000000087900000|  0%| F|  |TAMS 0x0000000087800000| PB 0x0000000087800000| Untracked 
|  57|0x0000000087900000, 0x0000000087900000, 0x0000000087a00000|  0%| F|  |TAMS 0x0000000087900000| PB 0x0000000087900000| Untracked 
|  58|0x0000000087a00000, 0x0000000087a00000, 0x0000000087b00000|  0%| F|  |TAMS 0x0000000087a00000| PB 0x0000000087a00000| Untracked 
|  59|0x0000000087b00000, 0x0000000087b00000, 0x0000000087c00000|  0%| F|  |TAMS 0x0000000087b00000| PB 0x0000000087b00000| Untracked 
|  60|0x0000000087c00000, 0x0000000087c00000, 0x0000000087d00000|  0%| F|  |TAMS 0x0000000087c00000| PB 0x0000000087c00000| Untracked 
|  61|0x0000000087d00000, 0x0000000087d00000, 0x0000000087e00000|  0%| F|  |TAMS 0x0000000087d00000| PB 0x0000000087d00000| Untracked 
|  62|0x0000000087e00000, 0x0000000087e00000, 0x0000000087f00000|  0%| F|  |TAMS 0x0000000087e00000| PB 0x0000000087e00000| Untracked 
|  63|0x0000000087f00000, 0x0000000087f00000, 0x0000000088000000|  0%| F|  |TAMS 0x0000000087f00000| PB 0x0000000087f00000| Untracked 
|  64|0x0000000088000000, 0x0000000088000000, 0x0000000088100000|  0%| F|  |TAMS 0x0000000088000000| PB 0x0000000088000000| Untracked 
|  65|0x0000000088100000, 0x0000000088100000, 0x0000000088200000|  0%| F|  |TAMS 0x0000000088100000| PB 0x0000000088100000| Untracked 
|  66|0x0000000088200000, 0x0000000088200000, 0x0000000088300000|  0%| F|  |TAMS 0x0000000088200000| PB 0x0000000088200000| Untracked 
|  67|0x0000000088300000, 0x0000000088300000, 0x0000000088400000|  0%| F|  |TAMS 0x0000000088300000| PB 0x0000000088300000| Untracked 
|  68|0x0000000088400000, 0x0000000088400000, 0x0000000088500000|  0%| F|  |TAMS 0x0000000088400000| PB 0x0000000088400000| Untracked 
|  69|0x0000000088500000, 0x0000000088500000, 0x0000000088600000|  0%| F|  |TAMS 0x0000000088500000| PB 0x0000000088500000| Untracked 
|  70|0x0000000088600000, 0x0000000088600000, 0x0000000088700000|  0%| F|  |TAMS 0x0000000088600000| PB 0x0000000088600000| Untracked 
|  71|0x0000000088700000, 0x0000000088700000, 0x0000000088800000|  0%| F|  |TAMS 0x0000000088700000| PB 0x0000000088700000| Untracked 
|  72|0x0000000088800000, 0x0000000088800000, 0x0000000088900000|  0%| F|  |TAMS 0x0000000088800000| PB 0x0000000088800000| Untracked 
|  73|0x0000000088900000, 0x0000000088900000, 0x0000000088a00000|  0%| F|  |TAMS 0x0000000088900000| PB 0x0000000088900000| Untracked 
|  74|0x0000000088a00000, 0x0000000088a00000, 0x0000000088b00000|  0%| F|  |TAMS 0x0000000088a00000| PB 0x0000000088a00000| Untracked 
|  75|0x0000000088b00000, 0x0000000088b00000, 0x0000000088c00000|  0%| F|  |TAMS 0x0000000088b00000| PB 0x0000000088b00000| Untracked 
|  76|0x0000000088c00000, 0x0000000088c00000, 0x0000000088d00000|  0%| F|  |TAMS 0x0000000088c00000| PB 0x0000000088c00000| Untracked 
|  77|0x0000000088d00000, 0x0000000088d00000, 0x0000000088e00000|  0%| F|  |TAMS 0x0000000088d00000| PB 0x0000000088d00000| Untracked 
|  78|0x0000000088e00000, 0x0000000088e00000, 0x0000000088f00000|  0%| F|  |TAMS 0x0000000088e00000| PB 0x0000000088e00000| Untracked 
|  79|0x0000000088f00000, 0x0000000088f00000, 0x0000000089000000|  0%| F|  |TAMS 0x0000000088f00000| PB 0x0000000088f00000| Untracked 
|  80|0x0000000089000000, 0x0000000089000000, 0x0000000089100000|  0%| F|  |TAMS 0x0000000089000000| PB 0x0000000089000000| Untracked 
|  81|0x0000000089100000, 0x0000000089100000, 0x0000000089200000|  0%| F|  |TAMS 0x0000000089100000| PB 0x0000000089100000| Untracked 
|  82|0x0000000089200000, 0x0000000089200000, 0x0000000089300000|  0%| F|  |TAMS 0x0000000089200000| PB 0x0000000089200000| Untracked 
|  83|0x0000000089300000, 0x0000000089300000, 0x0000000089400000|  0%| F|  |TAMS 0x0000000089300000| PB 0x0000000089300000| Untracked 
|  84|0x0000000089400000, 0x0000000089400000, 0x0000000089500000|  0%| F|  |TAMS 0x0000000089400000| PB 0x0000000089400000| Untracked 
|  85|0x0000000089500000, 0x0000000089500000, 0x0000000089600000|  0%| F|  |TAMS 0x0000000089500000| PB 0x0000000089500000| Untracked 
|  86|0x0000000089600000, 0x0000000089600000, 0x0000000089700000|  0%| F|  |TAMS 0x0000000089600000| PB 0x0000000089600000| Untracked 
|  87|0x0000000089700000, 0x0000000089700000, 0x0000000089800000|  0%| F|  |TAMS 0x0000000089700000| PB 0x0000000089700000| Untracked 
|  88|0x0000000089800000, 0x0000000089800000, 0x0000000089900000|  0%| F|  |TAMS 0x0000000089800000| PB 0x0000000089800000| Untracked 
|  89|0x0000000089900000, 0x0000000089900000, 0x0000000089a00000|  0%| F|  |TAMS 0x0000000089900000| PB 0x0000000089900000| Untracked 
|  90|0x0000000089a00000, 0x0000000089a00000, 0x0000000089b00000|  0%| F|  |TAMS 0x0000000089a00000| PB 0x0000000089a00000| Untracked 
|  91|0x0000000089b00000, 0x0000000089b00000, 0x0000000089c00000|  0%| F|  |TAMS 0x0000000089b00000| PB 0x0000000089b00000| Untracked 
|  92|0x0000000089c00000, 0x0000000089c00000, 0x0000000089d00000|  0%| F|  |TAMS 0x0000000089c00000| PB 0x0000000089c00000| Untracked 
|  93|0x0000000089d00000, 0x0000000089d00000, 0x0000000089e00000|  0%| F|  |TAMS 0x0000000089d00000| PB 0x0000000089d00000| Untracked 
|  94|0x0000000089e00000, 0x0000000089e00000, 0x0000000089f00000|  0%| F|  |TAMS 0x0000000089e00000| PB 0x0000000089e00000| Untracked 
|  95|0x0000000089f00000, 0x0000000089f00000, 0x000000008a000000|  0%| F|  |TAMS 0x0000000089f00000| PB 0x0000000089f00000| Untracked 
|  96|0x000000008a000000, 0x000000008a000000, 0x000000008a100000|  0%| F|  |TAMS 0x000000008a000000| PB 0x000000008a000000| Untracked 
|  97|0x000000008a100000, 0x000000008a100000, 0x000000008a200000|  0%| F|  |TAMS 0x000000008a100000| PB 0x000000008a100000| Untracked 
|  98|0x000000008a200000, 0x000000008a200000, 0x000000008a300000|  0%| F|  |TAMS 0x000000008a200000| PB 0x000000008a200000| Untracked 
|  99|0x000000008a300000, 0x000000008a300000, 0x000000008a400000|  0%| F|  |TAMS 0x000000008a300000| PB 0x000000008a300000| Untracked 
| 100|0x000000008a400000, 0x000000008a400000, 0x000000008a500000|  0%| F|  |TAMS 0x000000008a400000| PB 0x000000008a400000| Untracked 
| 101|0x000000008a500000, 0x000000008a500000, 0x000000008a600000|  0%| F|  |TAMS 0x000000008a500000| PB 0x000000008a500000| Untracked 
| 102|0x000000008a600000, 0x000000008a600000, 0x000000008a700000|  0%| F|  |TAMS 0x000000008a600000| PB 0x000000008a600000| Untracked 
| 103|0x000000008a700000, 0x000000008a700000, 0x000000008a800000|  0%| F|  |TAMS 0x000000008a700000| PB 0x000000008a700000| Untracked 
| 104|0x000000008a800000, 0x000000008a800000, 0x000000008a900000|  0%| F|  |TAMS 0x000000008a800000| PB 0x000000008a800000| Untracked 
| 105|0x000000008a900000, 0x000000008a900000, 0x000000008aa00000|  0%| F|  |TAMS 0x000000008a900000| PB 0x000000008a900000| Untracked 
| 106|0x000000008aa00000, 0x000000008aa00000, 0x000000008ab00000|  0%| F|  |TAMS 0x000000008aa00000| PB 0x000000008aa00000| Untracked 
| 107|0x000000008ab00000, 0x000000008ab00000, 0x000000008ac00000|  0%| F|  |TAMS 0x000000008ab00000| PB 0x000000008ab00000| Untracked 
| 108|0x000000008ac00000, 0x000000008ac00000, 0x000000008ad00000|  0%| F|  |TAMS 0x000000008ac00000| PB 0x000000008ac00000| Untracked 
| 109|0x000000008ad00000, 0x000000008ad00000, 0x000000008ae00000|  0%| F|  |TAMS 0x000000008ad00000| PB 0x000000008ad00000| Untracked 
| 110|0x000000008ae00000, 0x000000008ae00000, 0x000000008af00000|  0%| F|  |TAMS 0x000000008ae00000| PB 0x000000008ae00000| Untracked 
| 111|0x000000008af00000, 0x000000008af00000, 0x000000008b000000|  0%| F|  |TAMS 0x000000008af00000| PB 0x000000008af00000| Untracked 
| 112|0x000000008b000000, 0x000000008b000000, 0x000000008b100000|  0%| F|  |TAMS 0x000000008b000000| PB 0x000000008b000000| Untracked 
| 113|0x000000008b100000, 0x000000008b100000, 0x000000008b200000|  0%| F|  |TAMS 0x000000008b100000| PB 0x000000008b100000| Untracked 
| 114|0x000000008b200000, 0x000000008b200000, 0x000000008b300000|  0%| F|  |TAMS 0x000000008b200000| PB 0x000000008b200000| Untracked 
| 115|0x000000008b300000, 0x000000008b300000, 0x000000008b400000|  0%| F|  |TAMS 0x000000008b300000| PB 0x000000008b300000| Untracked 
| 116|0x000000008b400000, 0x000000008b400000, 0x000000008b500000|  0%| F|  |TAMS 0x000000008b400000| PB 0x000000008b400000| Untracked 
| 117|0x000000008b500000, 0x000000008b600000, 0x000000008b600000|100%| E|  |TAMS 0x000000008b500000| PB 0x000000008b500000| Complete 
| 118|0x000000008b600000, 0x000000008b700000, 0x000000008b700000|100%| E|CS|TAMS 0x000000008b600000| PB 0x000000008b600000| Complete 
| 119|0x000000008b700000, 0x000000008b800000, 0x000000008b800000|100%| E|CS|TAMS 0x000000008b700000| PB 0x000000008b700000| Complete 
| 120|0x000000008b800000, 0x000000008b900000, 0x000000008b900000|100%| E|CS|TAMS 0x000000008b800000| PB 0x000000008b800000| Complete 
| 121|0x000000008b900000, 0x000000008ba00000, 0x000000008ba00000|100%| E|  |TAMS 0x000000008b900000| PB 0x000000008b900000| Complete 
| 122|0x000000008ba00000, 0x000000008bb00000, 0x000000008bb00000|100%| E|CS|TAMS 0x000000008ba00000| PB 0x000000008ba00000| Complete 
| 123|0x000000008bb00000, 0x000000008bc00000, 0x000000008bc00000|100%| E|CS|TAMS 0x000000008bb00000| PB 0x000000008bb00000| Complete 

Card table byte_map: [0x000001b830fa0000,0x000001b831380000] _byte_map_base: 0x000001b830b80000

Marking Bits: (CMBitMap*) 0x000001b819251a70
 Bits: [0x000001b831380000, 0x000001b833280000)

Polling page: 0x000001b817190000

Metaspace:

Usage:
  Non-class:    706.49 KB used.
      Class:     60.25 KB used.
       Both:    766.74 KB used.

Virtual space:
  Non-class space:       64.00 MB reserved,     768.00 KB (  1%) committed,  1 nodes.
      Class space:        1.00 GB reserved,     128.00 KB ( <1%) committed,  1 nodes.
             Both:        1.06 GB reserved,     896.00 KB ( <1%) committed. 

Chunk freelists:
   Non-Class:  11.99 MB
       Class:  15.74 MB
        Both:  27.73 MB

MaxMetaspaceSize: unlimited
CompressedClassSpaceSize: 1.00 GB
Initial GC threshold: 21.00 MB
Current GC threshold: 21.00 MB
CDS: on
 - commit_granule_bytes: 65536.
 - commit_granule_words: 8192.
 - virtual_space_node_default_size: 8388608.
 - enlarge_chunks_in_place: 1.
 - use_allocation_guard: 0.


Internal statistics:

num_allocs_failed_limit: 0.
num_arena_births: 12.
num_arena_deaths: 0.
num_vsnodes_births: 2.
num_vsnodes_deaths: 0.
num_space_committed: 14.
num_space_uncommitted: 0.
num_chunks_returned_to_freelist: 0.
num_chunks_taken_from_freelist: 13.
num_chunk_merges: 0.
num_chunk_splits: 9.
num_chunks_enlarged: 5.
num_inconsistent_stats: 0.

CodeHeap 'non-profiled nmethods': size=120000Kb used=86Kb max_used=86Kb free=119913Kb
 bounds [0x000001b829140000, 0x000001b8293b0000, 0x000001b830670000]
CodeHeap 'profiled nmethods': size=120000Kb used=458Kb max_used=458Kb free=119541Kb
 bounds [0x000001b821670000, 0x000001b8218e0000, 0x000001b828ba0000]
CodeHeap 'non-nmethods': size=5760Kb used=1420Kb max_used=1434Kb free=4340Kb
 bounds [0x000001b828ba0000, 0x000001b828e10000, 0x000001b829140000]
 total_blobs=723 nmethods=308 adapters=320
 compilation: enabled
              stopped_count=0, restarted_count=0
 full_count=0

Compilation events (20 events):
Event: 0.151 Thread 0x000001b835eeb840  289       3       java.lang.StringUTF16::compress (50 bytes)
Event: 0.151 Thread 0x000001b835eeb840 nmethod 289 0x000001b8216dc990 code [0x000001b8216dcb40, 0x000001b8216dcd80]
Event: 0.151 Thread 0x000001b835eeb840  294       3       jdk.internal.misc.Unsafe::getShortUnaligned (12 bytes)
Event: 0.151 Thread 0x000001b835eeb840 nmethod 294 0x000001b8216dcf10 code [0x000001b8216dd0c0, 0x000001b8216dd2f8]
Event: 0.151 Thread 0x000001b835eeb840  290       3       jdk.internal.misc.Unsafe::getShortUnaligned (33 bytes)
Event: 0.151 Thread 0x000001b835eeb840 nmethod 290 0x000001b8216dd410 code [0x000001b8216dd5e0, 0x000001b8216dd990]
Event: 0.151 Thread 0x000001b835eeb840  292       3       jdk.internal.misc.Unsafe::convEndian (16 bytes)
Event: 0.151 Thread 0x000001b835eeb840 nmethod 292 0x000001b8216ddb10 code [0x000001b8216ddcc0, 0x000001b8216dde78]
Event: 0.151 Thread 0x000001b835eeb840  293       3       java.lang.Short::reverseBytes (14 bytes)
Event: 0.151 Thread 0x000001b835eeb840 nmethod 293 0x000001b8216ddf10 code [0x000001b8216de0a0, 0x000001b8216de1a8]
Event: 0.151 Thread 0x000001b835eeb840  296       3       java.util.HashMap$HashIterator::hasNext (13 bytes)
Event: 0.151 Thread 0x000001b835eeb840 nmethod 296 0x000001b8216de210 code [0x000001b8216de3a0, 0x000001b8216de508]
Event: 0.151 Thread 0x000001b835eeb840  295       3       java.util.HashMap$KeyIterator::next (8 bytes)
Event: 0.151 Thread 0x000001b835eeb840 nmethod 295 0x000001b8216de590 code [0x000001b8216de740, 0x000001b8216de880]
Event: 0.152 Thread 0x000001b835eeb840  297       1       java.util.HashMap::size (5 bytes)
Event: 0.152 Thread 0x000001b835eeb840 nmethod 297 0x000001b829152290 code [0x000001b829152420, 0x000001b8291524e8]
Event: 0.152 Thread 0x000001b835eeb840  299       3       jdk.internal.module.ModuleInfo$ConstantPool::checkIndex (21 bytes)
Event: 0.152 Thread 0x000001b835eeb840 nmethod 299 0x000001b8216de990 code [0x000001b8216deb40, 0x000001b8216ded00]
Event: 0.153 Thread 0x000001b835ee4540 nmethod 262 0x000001b829152590 code [0x000001b829152780, 0x000001b829153018]
Event: 0.153 Thread 0x000001b835ee4540  300 %     4       java.lang.StringLatin1::indexOfChar @ 7 (33 bytes)

GC Heap History (0 events):
No events

Dll operation events (5 events):
Event: 0.014 Loaded shared library C:\Program Files\Java\jdk-21\bin\java.dll
Event: 0.066 Loaded shared library C:\Program Files\Java\jdk-21\bin\jsvml.dll
Event: 0.100 Loaded shared library C:\Program Files\Java\jdk-21\bin\net.dll
Event: 0.102 Loaded shared library C:\Program Files\Java\jdk-21\bin\nio.dll
Event: 0.106 Loaded shared library C:\Program Files\Java\jdk-21\bin\zip.dll

Deoptimization events (6 events):
Event: 0.122 Thread 0x000001b8191fa0b0 Uncommon trap: trap_request=0xffffff45 fr.pc=0x000001b82914aebc relative=0x000000000000009c
Event: 0.122 Thread 0x000001b8191fa0b0 Uncommon trap: reason=unstable_if action=reinterpret pc=0x000001b82914aebc method=java.lang.CharacterDataLatin1.isJavaIdentifierPart(I)Z @ 11 c2
Event: 0.122 Thread 0x000001b8191fa0b0 DEOPT PACKING pc=0x000001b82914aebc sp=0x0000003a91dfdb80
Event: 0.122 Thread 0x000001b8191fa0b0 DEOPT UNPACKING pc=0x000001b828bf7da2 sp=0x0000003a91dfdaf8 mode 2
Event: 0.144 Thread 0x000001b8191fa0b0 DEOPT PACKING pc=0x000001b8216b2c97 sp=0x0000003a91dfdab0
Event: 0.144 Thread 0x000001b8191fa0b0 DEOPT UNPACKING pc=0x000001b828bf88e2 sp=0x0000003a91dfcfd0 mode 0

Classes loaded (20 events):
Event: 0.133 Loading class java/nio/file/Files$AcceptAllFilter
Event: 0.133 Loading class java/nio/file/DirectoryStream$Filter
Event: 0.133 Loading class java/nio/file/DirectoryStream$Filter done
Event: 0.133 Loading class java/nio/file/Files$AcceptAllFilter done
Event: 0.133 Loading class sun/nio/fs/WindowsDirectoryStream
Event: 0.133 Loading class java/nio/file/DirectoryStream
Event: 0.133 Loading class java/nio/file/DirectoryStream done
Event: 0.133 Loading class sun/nio/fs/WindowsDirectoryStream done
Event: 0.133 Loading class java/nio/file/FileTreeWalker$DirectoryNode
Event: 0.133 Loading class java/nio/file/FileTreeWalker$DirectoryNode done
Event: 0.133 Loading class sun/nio/fs/WindowsDirectoryStream$WindowsDirectoryIterator
Event: 0.133 Loading class sun/nio/fs/WindowsDirectoryStream$WindowsDirectoryIterator done
Event: 0.133 Loading class java/nio/file/FileTreeWalker$Event
Event: 0.133 Loading class java/nio/file/FileTreeWalker$Event done
Event: 0.133 Loading class java/nio/file/FileTreeWalker$EventType
Event: 0.133 Loading class java/nio/file/FileTreeWalker$EventType done
Event: 0.136 Loading class sun/nio/fs/WindowsPath$WindowsPathWithAttributes
Event: 0.136 Loading class sun/nio/fs/BasicFileAttributesHolder
Event: 0.136 Loading class sun/nio/fs/BasicFileAttributesHolder done
Event: 0.136 Loading class sun/nio/fs/WindowsPath$WindowsPathWithAttributes done

Classes unloaded (0 events):
No events

Classes redefined (0 events):
No events

Internal exceptions (2 events):
Event: 0.134 Thread 0x000001b8191fa0b0 Exception <a 'java/lang/NoSuchMethodError'{0x000000008b94f018}: 'void java.lang.invoke.DirectMethodHandle$Holder.invokeVirtual(java.lang.Object, java.lang.Object)'> (0x000000008b94f018) 
thrown [s\open\src\hotspot\share\interpreter\linkResolver.cpp, line 773]
Event: 0.135 Thread 0x000001b8191fa0b0 Exception <a 'java/lang/NoSuchMethodError'{0x000000008b959a28}: 'java.lang.Object java.lang.invoke.DirectMethodHandle$Holder.invokeInterface(java.lang.Object, java.lang.Object, java.lang.Object)'> (0x000000008b959a28) 
thrown [s\open\src\hotspot\share\interpreter\linkResolver.cpp, line 773]

ZGC Phase Switch (0 events):
No events

VM Operations (0 events):
No events

Events (12 events):
Event: 0.039 Thread 0x000001b8191fa0b0 Thread added: 0x000001b8191fa0b0
Event: 0.060 Thread 0x000001b835ec9a80 Thread added: 0x000001b835ec9a80
Event: 0.060 Thread 0x000001b835eca7a0 Thread added: 0x000001b835eca7a0
Event: 0.060 Thread 0x000001b835eccee0 Thread added: 0x000001b835eccee0
Event: 0.060 Thread 0x000001b835ecda30 Thread added: 0x000001b835ecda30
Event: 0.061 Thread 0x000001b835ecf590 Thread added: 0x000001b835ecf590
Event: 0.061 Thread 0x000001b835ed0210 Thread added: 0x000001b835ed0210
Event: 0.061 Thread 0x000001b835ee4540 Thread added: 0x000001b835ee4540
Event: 0.061 Thread 0x000001b835eeb840 Thread added: 0x000001b835eeb840
Event: 0.095 Thread 0x000001b87b1d3b60 Thread added: 0x000001b87b1d3b60
Event: 0.143 Thread 0x000001b835ee81c0 Thread added: 0x000001b835ee81c0
Event: 0.145 Thread 0x000001b835eea3d0 Thread added: 0x000001b835eea3d0


Dynamic libraries:
0x00007ff684fd0000 - 0x00007ff684fe0000 	C:\Program Files\Java\jdk-21\bin\java.exe
0x00007ff9addf0000 - 0x00007ff9ae007000 	C:\WINDOWS\SYSTEM32\ntdll.dll
0x00007ff9acc80000 - 0x00007ff9acd44000 	C:\WINDOWS\System32\KERNEL32.DLL
0x00007ff9ab560000 - 0x00007ff9ab919000 	C:\WINDOWS\System32\KERNELBASE.dll
0x00007ff9ab370000 - 0x00007ff9ab481000 	C:\WINDOWS\System32\ucrtbase.dll
0x00007ff986480000 - 0x00007ff98649b000 	C:\Program Files\Java\jdk-21\bin\VCRUNTIME140.dll
0x00007ff985ea0000 - 0x00007ff985eb9000 	C:\Program Files\Java\jdk-21\bin\jli.dll
0x00007ff9ad920000 - 0x00007ff9ad9d2000 	C:\WINDOWS\System32\ADVAPI32.dll
0x00007ff9ac440000 - 0x00007ff9ac4e7000 	C:\WINDOWS\System32\msvcrt.dll
0x00007ff9acd50000 - 0x00007ff9acdf7000 	C:\WINDOWS\System32\sechost.dll
0x00007ff9ab340000 - 0x00007ff9ab368000 	C:\WINDOWS\System32\bcrypt.dll
0x00007ff9ac4f0000 - 0x00007ff9ac604000 	C:\WINDOWS\System32\RPCRT4.dll
0x00007ff9ace10000 - 0x00007ff9acfbe000 	C:\WINDOWS\System32\USER32.dll
0x00007ff9a0de0000 - 0x00007ff9a1072000 	C:\WINDOWS\WinSxS\amd64_microsoft.windows.common-controls_6595b64144ccf1df_6.0.22621.4391_none_2715d37f73803e96\COMCTL32.dll
0x00007ff9ab530000 - 0x00007ff9ab556000 	C:\WINDOWS\System32\win32u.dll
0x00007ff9adbe0000 - 0x00007ff9adc09000 	C:\WINDOWS\System32\GDI32.dll
0x00007ff9ab0f0000 - 0x00007ff9ab20b000 	C:\WINDOWS\System32\gdi32full.dll
0x00007ff9ab490000 - 0x00007ff9ab52a000 	C:\WINDOWS\System32\msvcp_win.dll
0x00007ff9a1620000 - 0x00007ff9a162a000 	C:\WINDOWS\SYSTEM32\VERSION.dll
0x00007ff9ad9e0000 - 0x00007ff9ada11000 	C:\WINDOWS\System32\IMM32.DLL
0x00007ff98b890000 - 0x00007ff98b89c000 	C:\Program Files\Java\jdk-21\bin\vcruntime140_1.dll
0x00007ff96b820000 - 0x00007ff96b8ae000 	C:\Program Files\Java\jdk-21\bin\msvcp140.dll
0x00007ff934d50000 - 0x00007ff935a5d000 	C:\Program Files\Java\jdk-21\bin\server\jvm.dll
0x00007ff9adc30000 - 0x00007ff9adca1000 	C:\WINDOWS\System32\WS2_32.dll
0x00007ff9a9f50000 - 0x00007ff9a9f9d000 	C:\WINDOWS\SYSTEM32\POWRPROF.dll
0x00007ff9a3ad0000 - 0x00007ff9a3b04000 	C:\WINDOWS\SYSTEM32\WINMM.dll
0x00007ff9a9f30000 - 0x00007ff9a9f43000 	C:\WINDOWS\SYSTEM32\UMPDC.dll
0x00007ff9aa1f0000 - 0x00007ff9aa208000 	C:\WINDOWS\SYSTEM32\kernel.appcore.dll
0x00007ff98b7f0000 - 0x00007ff98b7fa000 	C:\Program Files\Java\jdk-21\bin\jimage.dll
0x00007ff9a89b0000 - 0x00007ff9a8be2000 	C:\WINDOWS\SYSTEM32\DBGHELP.DLL
0x00007ff9abc00000 - 0x00007ff9abf8f000 	C:\WINDOWS\System32\combase.dll
0x00007ff9abb20000 - 0x00007ff9abbf7000 	C:\WINDOWS\System32\OLEAUT32.dll
0x00007ff994f40000 - 0x00007ff994f72000 	C:\WINDOWS\SYSTEM32\dbgcore.DLL
0x00007ff9ab920000 - 0x00007ff9ab99b000 	C:\WINDOWS\System32\bcryptPrimitives.dll
0x00007ff9a3460000 - 0x00007ff9a346f000 	C:\Program Files\Java\jdk-21\bin\instrument.dll
0x00007ff97d7a0000 - 0x00007ff97d7bf000 	C:\Program Files\Java\jdk-21\bin\java.dll
0x00007ff9ad0a0000 - 0x00007ff9ad916000 	C:\WINDOWS\System32\SHELL32.dll
0x00007ff9a8ff0000 - 0x00007ff9a98f3000 	C:\WINDOWS\SYSTEM32\windows.storage.dll
0x00007ff9a8eb0000 - 0x00007ff9a8fef000 	C:\WINDOWS\SYSTEM32\wintypes.dll
0x00007ff9ac220000 - 0x00007ff9ac319000 	C:\WINDOWS\System32\SHCORE.dll
0x00007ff9ad040000 - 0x00007ff9ad09e000 	C:\WINDOWS\System32\shlwapi.dll
0x00007ff9ab020000 - 0x00007ff9ab04b000 	C:\WINDOWS\SYSTEM32\profapi.dll
0x00007ff94e170000 - 0x00007ff94e247000 	C:\Program Files\Java\jdk-21\bin\jsvml.dll
0x00007ff98a460000 - 0x00007ff98a470000 	C:\Program Files\Java\jdk-21\bin\net.dll
0x00007ff9a5040000 - 0x00007ff9a5176000 	C:\WINDOWS\SYSTEM32\WINHTTP.dll
0x00007ff9aa680000 - 0x00007ff9aa6e9000 	C:\WINDOWS\system32\mswsock.dll
0x00007ff978fb0000 - 0x00007ff978fc6000 	C:\Program Files\Java\jdk-21\bin\nio.dll
0x00007ff978f90000 - 0x00007ff978fa8000 	C:\Program Files\Java\jdk-21\bin\zip.dll

dbghelp: loaded successfully - version: 4.0.5 - missing functions: none
symbol engine: initialized successfully - sym options: 0x614 - pdb path: .;C:\Program Files\Java\jdk-21\bin;C:\WINDOWS\SYSTEM32;C:\WINDOWS\WinSxS\amd64_microsoft.windows.common-controls_6595b64144ccf1df_6.0.22621.4391_none_2715d37f73803e96;C:\Program Files\Java\jdk-21\bin\server

VM Arguments:
jvm_args: -javaagent:C:\Program Files\JetBrains\IntelliJ IDEA Community Edition 2023.2.1\lib\idea_rt.jar=50236:C:\Program Files\JetBrains\IntelliJ IDEA Community Edition 2023.2.1\bin -Dfile.encoding=UTF-8 -Dsun.stdout.encoding=UTF-8 -Dsun.stderr.encoding=UTF-8 --module-path=C:\Users\nvhoa\.m2\repository\org\openjfx\javafx-base\21-ea+24\javafx-base-21-ea+24-win.jar;C:\Users\nvhoa\.m2\repository\org\kordamp\bootstrapfx\bootstrapfx-core\0.4.0\bootstrapfx-core-0.4.0.jar;D:\LTJava\64139028_JavaPrograming\HocSinh\target\classes;C:\Users\nvhoa\.m2\repository\org\openjfx\javafx-controls\21-ea+24\javafx-controls-21-ea+24-win.jar;C:\Users\nvhoa\.m2\repository\org\openjfx\javafx-fxml\21-ea+24\javafx-fxml-21-ea+24-win.jar;C:\Users\nvhoa\.m2\repository\org\openjfx\javafx-graphics\21-ea+24\javafx-graphics-21-ea+24-win.jar -Djdk.module.main=com.example.hocsinh 
java_command: com.example.hocsinh/com.example.hocsinh.HelloApplication
java_class_path (initial): C:\Users\nvhoa\.m2\repository\com\mysql\mysql-connector-j\8.0.33\mysql-connector-j-8.0.33.jar;C:\Users\nvhoa\.m2\repository\com\google\protobuf\protobuf-java\3.21.9\protobuf-java-3.21.9.jar;C:\Users\nvhoa\.m2\repository\org\openjfx\javafx-controls\21-ea+24\javafx-controls-21-ea+24.jar;C:\Users\nvhoa\.m2\repository\org\openjfx\javafx-graphics\21-ea+24\javafx-graphics-21-ea+24.jar;C:\Users\nvhoa\.m2\repository\org\openjfx\javafx-base\21-ea+24\javafx-base-21-ea+24.jar;C:\Users\nvhoa\.m2\repository\org\openjfx\javafx-fxml\21-ea+24\javafx-fxml-21-ea+24.jar
Launcher Type: SUN_STANDARD

[Global flags]
     intx CICompilerCount                          = 4                                         {product} {ergonomic}
     uint ConcGCThreads                            = 3                                         {product} {ergonomic}
     uint G1ConcRefinementThreads                  = 10                                        {product} {ergonomic}
   size_t G1HeapRegionSize                         = 1048576                                   {product} {ergonomic}
    uintx GCDrainStackTargetSize                   = 64                                        {product} {ergonomic}
   size_t InitialHeapSize                          = 130023424                                 {product} {ergonomic}
   size_t MarkStackSize                            = 4194304                                   {product} {ergonomic}
   size_t MaxHeapSize                              = 2080374784                                {product} {ergonomic}
   size_t MaxNewSize                               = 1247805440                                {product} {ergonomic}
   size_t MinHeapDeltaBytes                        = 1048576                                   {product} {ergonomic}
   size_t MinHeapSize                              = 8388608                                   {product} {ergonomic}
    uintx NonNMethodCodeHeapSize                   = 5839372                                {pd product} {ergonomic}
    uintx NonProfiledCodeHeapSize                  = 122909434                              {pd product} {ergonomic}
    uintx ProfiledCodeHeapSize                     = 122909434                              {pd product} {ergonomic}
    uintx ReservedCodeCacheSize                    = 251658240                              {pd product} {ergonomic}
     bool SegmentedCodeCache                       = true                                      {product} {ergonomic}
   size_t SoftMaxHeapSize                          = 2080374784                             {manageable} {ergonomic}
     bool UseCompressedOops                        = true                           {product lp64_product} {ergonomic}
     bool UseG1GC                                  = true                                      {product} {ergonomic}
     bool UseLargePagesIndividualAllocation        = false                                  {pd product} {ergonomic}

Logging:
Log output configuration:
 #0: stdout all=warning uptime,level,tags foldmultilines=false
 #1: stderr all=off uptime,level,tags foldmultilines=false

Environment Variables:
PATH=C:\Program Files\Common Files\Oracle\Java\javapath;C:\Windows\system32;C:\Windows;C:\Windows\System32\Wbem;C:\Windows\System32\WindowsPowerShell\v1.0\;C:\Windows\System32\OpenSSH\;C:\Program Files (x86)\NVIDIA Corporation\PhysX\Common;C:\WINDOWS\system32;C:\WINDOWS;C:\WINDOWS\System32\Wbem;C:\WINDOWS\System32\WindowsPowerShell\v1.0\;C:\WINDOWS\System32\OpenSSH\;C:\Program Files\NVIDIA Corporation\NVIDIA NvDLISR;C:\WINDOWS\system32;C:\WINDOWS;C:\WINDOWS\System32\Wbem;C:\WINDOWS\System32\WindowsPowerShell\v1.0\;C:\WINDOWS\System32\OpenSSH\;C:\Program Files\dotnet\;C:\Program Files (x86)\mingw-w64\i686-8.1.0-posix-dwarf-rt_v6-rev0;C:\Program Files\Java\jdk-21\bin;D:\Git\cmd;C:\Program Files\Azure Data Studio\bin;C:\Program Files\MongoDB\Server\6.0\bin;C:\Program Files\MongoDB\Tools\100\bin;C:\Program Files\Microsoft SQL Server\Client SDK\ODBC\170\Tools\Binn\;C:\Program Files (x86)\Microsoft SQL Server\150\Tools\Binn\;C:\Program Files\Microsoft SQL Server\150\Tools\Binn\;C:\Program Files\Microsoft SQL Server\150\DTS\Binn\;C:\Program Files (x86)\Microsoft SQL Server\160\Tools\Binn\;C:\Program Files\Microsoft SQL Server\160\Tools\Binn\;C:\Program Files\Microsoft SQL Server\160\DTS\Binn\;C:\Program Files (x86)\Microsoft SQL Server\160\DTS\Binn\;C:\Users\nvhoa\AppData\Local\Microsoft\WindowsApps;C:\Users\nvhoa\AppData\Local\Programs\Microsoft VS Code\bin;C:\Users\nvhoa\OneDrive\Máy tính\IntelliJ IDEA 2023.2\bin;;C:\Users\nvhoa\OneDrive\Máy tính\IntelliJ IDEA Community Edition 2023.2\bin;;C:\Program Files\Azure Data Studio\bin;C:\Users\nvhoa\AppData\Local\Programs\mongosh\;C:\Users\nvhoa\AppData\Local\GitHubDesktop\bin;C:\Users\nvhoa\.dotnet\tools
USERNAME=nvhoang
OS=Windows_NT
PROCESSOR_IDENTIFIER=Intel64 Family 6 Model 141 Stepping 1, GenuineIntel
TMP=C:\Users\nvhoa\AppData\Local\Temp
TEMP=C:\Users\nvhoa\AppData\Local\Temp




Periodic native trim disabled

---------------  S Y S T E M  ---------------

OS:
 Windows 11 , 64 bit Build 22621 (10.0.22621.4391)
OS uptime: 1 days 1:33 hours
Hyper-V role detected

CPU: total 12 (initial active 12) (6 cores per cpu, 2 threads per core) family 6 model 141 stepping 1 microcode 0x34, cx8, cmov, fxsr, ht, mmx, 3dnowpref, sse, sse2, sse3, ssse3, sse4.1, sse4.2, popcnt, lzcnt, tsc, tscinvbit, avx, avx2, aes, erms, clmul, bmi1, bmi2, adx, avx512f, avx512dq, avx512cd, avx512bw, avx512vl, sha, fma, vzeroupper, avx512_vpopcntdq, avx512_vpclmulqdq, avx512_vaes, avx512_vnni, clflush, clflushopt, clwb, avx512_vbmi2, avx512_vbmi, hv, rdtscp, rdpid, fsrm, gfni, avx512_bitalg, f16c, cet_ibt, cet_ss, avx512_ifma
Processor Information for all 12 processors :
  Max Mhz: 2688, Current Mhz: 2688, Mhz Limit: 2688

Memory: 4k page, system-wide physical 7929M (695M free)
TotalPageFile size 15097M (AvailPageFile size 3M)
current process WorkingSet (physical memory assigned to process): 45M, peak: 45M
current process commit charge ("private bytes"): 212M, peak: 212M

vm_info: Java HotSpot(TM) 64-Bit Server VM (21.0.3+7-LTS-152) for windows-amd64 JRE (21.0.3+7-LTS-152), built on 2024-03-11T17:42:26Z by "mach5one" with MS VC++ 17.6 (VS2022)

END.
